2017-08-25 21:05:58	superman	http://localhost/hedrons/	Compile Error: 	require_once(): Failed opening required 'E:/xampp/htdocs/hedrons/site/templates/classes/purl/vendor/autoload.php' (include_path='E:\xampp\php\PEAR') (line 13 of E:\xampp\htdocs\hedrons\site\assets\cache\FileCompiler\site\templates\_init.php)
2017-08-26 01:40:53	superman	http://localhost/hedrons/test/	Error: 	Uncaught Error: Class 'ComicVineAPI' not found in E:\xampp\htdocs\hedrons\site\assets\cache\FileCompiler\site\templates\test.php:8 Stack trace: #0 E:\xampp\htdocs\hedrons\wire\core\TemplateFile.php(268): require() #1 E:\xampp\htdocs\hedrons\wire\core\Wire.php(380): ProcessWire\TemplateFile->___render() #2 E:\xampp\htdocs\hedrons\wire\core\WireHooks.php(698): ProcessWire\Wire->_callMethod('___render', Array) #3 E:\xampp\htdocs\hedrons\wire\core\Wire.php(442): ProcessWire\WireHooks->runHooks(Object(ProcessWire\TemplateFile), 'render', Array) #4 E:\xampp\htdocs\hedrons\wire\modules\PageRender.module(514): ProcessWire\Wire->__call('render', Array) #5 E:\xampp\htdocs\hedrons\wire\core\Wire.php(383): ProcessWire\PageRender->___renderPage(Object(ProcessWire\HookEvent)) #6 E:\xampp\htdocs\hedrons\wire\core\WireHooks.php(698): ProcessWire\Wire->_callMethod('___renderPage', Array) #7 E:\xampp\htdocs\hedrons\wire\core\Wire.php(442): ProcessWire\WireHooks->runHooks(Object(ProcessWire\PageRender), 'renderPage', Array) #8  (line 8 of E:\xampp\htdocs\hedrons\site\assets\cache\FileCompiler\site\templates\test.php)
2017-08-26 01:42:08	superman	http://localhost/hedrons/test/	Compile Error: 	require_once(): Failed opening required 'hedrons/src/vendor/autoload.php' (include_path='E:\xampp\php\PEAR') (line 13 of E:\xampp\htdocs\hedrons\site\assets\cache\FileCompiler\site\templates\_init.php)
2017-08-26 01:42:19	superman	http://localhost/hedrons/test/	Compile Error: 	require_once(): Failed opening required 'E:/xampp/htdocs/hedrons/vendor/hedrons/src/vendor/autoload.php' (include_path='E:\xampp\php\PEAR') (line 13 of E:\xampp\htdocs\hedrons\site\assets\cache\FileCompiler\site\templates\_init.php)
2017-08-26 01:42:21	superman	http://localhost/hedrons/test/	Compile Error: 	require_once(): Failed opening required 'E:/xampp/htdocs/hedrons/vendor/hedrons/src/vendor/autoload.php' (include_path='E:\xampp\php\PEAR') (line 13 of E:\xampp\htdocs\hedrons\site\assets\cache\FileCompiler\site\templates\_init.php)
2017-08-26 01:42:22	superman	http://localhost/hedrons/test/	Compile Error: 	require_once(): Failed opening required 'E:/xampp/htdocs/hedrons/vendor/hedrons/src/vendor/autoload.php' (include_path='E:\xampp\php\PEAR') (line 13 of E:\xampp\htdocs\hedrons\site\assets\cache\FileCompiler\site\templates\_init.php)
2017-08-26 01:43:57	superman	http://localhost/hedrons/test/	Error: 	Uncaught Error: Class 'ComicVineAPI' not found in E:\xampp\htdocs\hedrons\site\assets\cache\FileCompiler\site\templates\test.php:8 Stack trace: #0 E:\xampp\htdocs\hedrons\wire\core\TemplateFile.php(268): require() #1 E:\xampp\htdocs\hedrons\wire\core\Wire.php(380): ProcessWire\TemplateFile->___render() #2 E:\xampp\htdocs\hedrons\wire\core\WireHooks.php(698): ProcessWire\Wire->_callMethod('___render', Array) #3 E:\xampp\htdocs\hedrons\wire\core\Wire.php(442): ProcessWire\WireHooks->runHooks(Object(ProcessWire\TemplateFile), 'render', Array) #4 E:\xampp\htdocs\hedrons\wire\modules\PageRender.module(514): ProcessWire\Wire->__call('render', Array) #5 E:\xampp\htdocs\hedrons\wire\core\Wire.php(383): ProcessWire\PageRender->___renderPage(Object(ProcessWire\HookEvent)) #6 E:\xampp\htdocs\hedrons\wire\core\WireHooks.php(698): ProcessWire\Wire->_callMethod('___renderPage', Array) #7 E:\xampp\htdocs\hedrons\wire\core\Wire.php(442): ProcessWire\WireHooks->runHooks(Object(ProcessWire\PageRender), 'renderPage', Array) #8  (line 8 of E:\xampp\htdocs\hedrons\site\assets\cache\FileCompiler\site\templates\test.php)
2017-08-26 01:44:28	superman	http://localhost/hedrons/test/	Error: 	Uncaught Error: Call to undefined function Hedrons\wire() in E:\xampp\htdocs\hedrons\vendor\hedrons\src\ComicVineAPI.class.php:23 Stack trace: #0 E:\xampp\htdocs\hedrons\vendor\hedrons\src\ComicVineAPI.class.php(64): Hedrons\ComicVineAPI->getsearchcomicissuesurl('batman', 1, 10) #1 E:\xampp\htdocs\hedrons\site\assets\cache\FileCompiler\site\templates\test.php(10): Hedrons\ComicVineAPI->searchforcomicissues('batman', 1, 10, false) #2 E:\xampp\htdocs\hedrons\wire\core\TemplateFile.php(268): require('E:\\xampp\\htdocs...') #3 E:\xampp\htdocs\hedrons\wire\core\Wire.php(380): ProcessWire\TemplateFile->___render() #4 E:\xampp\htdocs\hedrons\wire\core\WireHooks.php(698): ProcessWire\Wire->_callMethod('___render', Array) #5 E:\xampp\htdocs\hedrons\wire\core\Wire.php(442): ProcessWire\WireHooks->runHooks(Object(ProcessWire\TemplateFile), 'render', Array) #6 E:\xampp\htdocs\hedrons\wire\modules\PageRender.module(514): ProcessWire\Wire->__call('render', Array) #7 E:\xampp\htdocs\hedrons\wire\core\Wire.php(383): ProcessW (line 23 of E:\xampp\htdocs\hedrons\vendor\hedrons\src\ComicVineAPI.class.php)
2017-08-26 15:51:23	guest	http://localhost/hedrons/test/	Parse Error: 	syntax error, unexpected '$returnjson' (T_VARIABLE) (line 93 of E:\xampp\htdocs\hedrons\vendor\hedrons\src\ComicVineAPI.class.php)
2017-08-29 23:40:25	superman	http://localhost/hedrons/podcasts/topics/	Error: 	Exception: Invalid value sent to Page::setTemplate (in E:\xampp\htdocs\hedrons\wire\core\Page.php line 1782)  #0 E:\xampp\htdocs\hedrons\wire\core\Page.php(761): ProcessWire\Page->setTemplate(NULL) #1 E:\xampp\htdocs\hedrons\wire\core\Page.php(1569): ProcessWire\Page->set('template', NULL) #2 E:\xampp\htdocs\hedrons\site\assets\cache\FileCompiler\site\templates\content\podcast\logic\add-topic.php(11): ProcessWire\Page->__set('template', NULL) #3 E:\xampp\htdocs\hedrons\site\assets\cache\FileCompiler\site\templates\podcast-topics.php(4): include('E:\\xampp\\htdocs...') #4 E:\xampp\htdocs\hedrons\wire\core\TemplateFile.php(268): require('E:\\xampp\\htdocs...') #5 E:\xampp\htdocs\hedrons\wire\core\Wire.php(380): ProcessWire\TemplateFile->___render() #6 E:\xampp\htdocs\hedrons\wire\core\WireHooks.php(698): ProcessWire\Wire->_callMethod('___render', Array) #7 E:\xampp\htdocs\hedrons\wire\core\Wire.php(442): ProcessWire\WireHooks->runHooks(Object(ProcessWire\TemplateFile), 'render', Array) #8 E:\xampp\htdocs\hedron
2017-08-29 23:42:23	superman	http://localhost/hedrons/podcasts/topics/	Error: 	Exception: Invalid value sent to Page::setTemplate (in E:\xampp\htdocs\hedrons\wire\core\Page.php line 1782)  #0 E:\xampp\htdocs\hedrons\wire\core\Page.php(761): ProcessWire\Page->setTemplate(NULL) #1 E:\xampp\htdocs\hedrons\wire\core\Page.php(1569): ProcessWire\Page->set('template', 'podcast-topic') #2 E:\xampp\htdocs\hedrons\site\assets\cache\FileCompiler\site\templates\content\podcast\logic\add-topic.php(11): ProcessWire\Page->__set('template', 'podcast-topic') #3 E:\xampp\htdocs\hedrons\site\assets\cache\FileCompiler\site\templates\podcast-topics.php(4): include('E:\\xampp\\htdocs...') #4 E:\xampp\htdocs\hedrons\wire\core\TemplateFile.php(268): require('E:\\xampp\\htdocs...') #5 E:\xampp\htdocs\hedrons\wire\core\Wire.php(380): ProcessWire\TemplateFile->___render() #6 E:\xampp\htdocs\hedrons\wire\core\WireHooks.php(698): ProcessWire\Wire->_callMethod('___render', Array) #7 E:\xampp\htdocs\hedrons\wire\core\Wire.php(442): ProcessWire\WireHooks->runHooks(Object(ProcessWire\TemplateFile), 'render', Array) #8
2017-08-29 23:45:36	superman	http://localhost/hedrons/podcasts/topics/	Error: 	Exception: SQLSTATE[23000]: Integrity constraint violation: 1062 Duplicate entry 'nolans-best-films-1022' for key 'name_parent_id' (in E:\xampp\htdocs\hedrons\wire\core\WireDatabasePDO.php line 454)  #0 E:\xampp\htdocs\hedrons\wire\core\WireDatabasePDO.php(454): PDOStatement->execute() #1 E:\xampp\htdocs\hedrons\wire\core\PagesEditor.php(599): ProcessWire\WireDatabasePDO->execute(Object(PDOStatement)) #2 E:\xampp\htdocs\hedrons\wire\core\PagesEditor.php(484): ProcessWire\PagesEditor->savePageQuery(Object(ProcessWire\Page), Array) #3 E:\xampp\htdocs\hedrons\wire\core\Pages.php(410): ProcessWire\PagesEditor->save(Object(ProcessWire\Page), Array) #4 E:\xampp\htdocs\hedrons\wire\core\Wire.php(386): ProcessWire\Pages->___save(Object(ProcessWire\Page), Array) #5 E:\xampp\htdocs\hedrons\wire\core\WireHooks.php(698): ProcessWire\Wire->_callMethod('___save', Array) #6 E:\xampp\htdocs\hedrons\wire\core\Wire.php(442): ProcessWire\WireHooks->runHooks(Object(ProcessWire\Pages), 'save', Array) #7 E:\xampp\htdocs\hedrons\wi
